  imgui.cpp
  imgui_demo.cpp
  imgui_draw.cpp
  imgui_impl_dx11.cpp
  imgui_impl_win32.cpp
  imgui_tables.cpp
  imgui_widgets.cpp
  main.cpp
C:\Users\giuse\source\repos\CS2 ESP\CS2 ESP\src\include\memory.h(136,12): warning C4244: '*=': conversione da 'double' a 'DWORD'. Possibile perdita di dati.
  (compilazione del file di origine 'src/main.cpp')
  
C:\Users\giuse\source\repos\CS2 ESP\CS2 ESP\src\include\memory.h(168,29): warning C4312: 'cast di tipo': conversione da 'ULONG' a 'DWORD *', di dimensioni maggiori
  (compilazione del file di origine 'src/main.cpp')
  
C:\Users\giuse\source\repos\CS2 ESP\CS2 ESP\src\include\memory.h(214,46): warning C4244: 'argomento': conversione da 'uintptr_t' a 'DWORD'. Possibile perdita di dati.
  (compilazione del file di origine 'src/main.cpp')
  
C:\Users\giuse\source\repos\CS2 ESP\CS2 ESP\src\include\memory.h(218,57): warning C4244: 'argomento': conversione da 'uintptr_t' a 'DWORD'. Possibile perdita di dati.
  (compilazione del file di origine 'src/main.cpp')
  
C:\Users\giuse\source\repos\CS2 ESP\CS2 ESP\src\include\memory.h(241,77): warning C4244: 'argomento': conversione da 'const uintptr_t' a 'DWORD'. Possibile perdita di dati.
  (compilazione del file di origine 'src/main.cpp')
  
C:\Users\giuse\source\repos\CS2 ESP\CS2 ESP\src\include\vector.h(60,11): warning C4244: 'inizializzazione': conversione da 'int' a 'float'. Possibile perdita di dati.
  (compilazione del file di origine 'src/main.cpp')
  
C:\Users\giuse\source\repos\CS2 ESP\CS2 ESP\src\include\vector.h(61,11): warning C4244: 'inizializzazione': conversione da 'int' a 'float'. Possibile perdita di dati.
  (compilazione del file di origine 'src/main.cpp')
  
C:\Users\giuse\source\repos\CS2 ESP\CS2 ESP\src\include\vector.h(63,32): warning C4244: '+=': conversione da 'double' a 'float'. Possibile perdita di dati.
  (compilazione del file di origine 'src/main.cpp')
  
C:\Users\giuse\source\repos\CS2 ESP\CS2 ESP\src\include\vector.h(64,33): warning C4244: '-=': conversione da 'double' a 'float'. Possibile perdita di dati.
  (compilazione del file di origine 'src/main.cpp')
  
C:\Users\giuse\source\repos\CS2 ESP\CS2 ESP\src\include\render.h(20,107): warning C4244: 'argomento': conversione da 'int' a 'float'. Possibile perdita di dati.
  (compilazione del file di origine 'src/main.cpp')
  
C:\Users\giuse\source\repos\CS2 ESP\CS2 ESP\src\include\render.h(20,74): warning C4244: 'argomento': conversione da 'int' a 'float'. Possibile perdita di dati.
  (compilazione del file di origine 'src/main.cpp')
  
C:\Users\giuse\source\repos\CS2 ESP\CS2 ESP\src\include\render.h(20,67): warning C4244: 'argomento': conversione da 'int' a 'float'. Possibile perdita di dati.
  (compilazione del file di origine 'src/main.cpp')
  
C:\Users\giuse\source\repos\CS2 ESP\CS2 ESP\src\include\render.h(20,54): warning C4244: 'argomento': conversione da 'int' a 'float'. Possibile perdita di dati.
  (compilazione del file di origine 'src/main.cpp')
  
C:\Users\giuse\source\repos\CS2 ESP\CS2 ESP\src\include\render.h(20,51): warning C4244: 'argomento': conversione da 'int' a 'float'. Possibile perdita di dati.
  (compilazione del file di origine 'src/main.cpp')
  
C:\Users\giuse\source\repos\CS2 ESP\CS2 ESP\src\include\render.h(22,80): warning C4244: 'argomento': conversione da 'int' a 'float'. Possibile perdita di dati.
  (compilazione del file di origine 'src/main.cpp')
  
C:\Users\giuse\source\repos\CS2 ESP\CS2 ESP\src\include\render.h(22,73): warning C4244: 'argomento': conversione da 'int' a 'float'. Possibile perdita di dati.
  (compilazione del file di origine 'src/main.cpp')
  
C:\Users\giuse\source\repos\CS2 ESP\CS2 ESP\src\include\render.h(22,60): warning C4244: 'argomento': conversione da 'int' a 'float'. Possibile perdita di dati.
  (compilazione del file di origine 'src/main.cpp')
  
C:\Users\giuse\source\repos\CS2 ESP\CS2 ESP\src\include\render.h(22,57): warning C4244: 'argomento': conversione da 'int' a 'float'. Possibile perdita di dati.
  (compilazione del file di origine 'src/main.cpp')
  
C:\Users\giuse\source\repos\CS2 ESP\CS2 ESP\src\include\render.h(27,96): warning C4244: 'argomento': conversione da 'int' a 'float'. Possibile perdita di dati.
  (compilazione del file di origine 'src/main.cpp')
  
C:\Users\giuse\source\repos\CS2 ESP\CS2 ESP\src\include\render.h(40,53): warning C4244: 'argomento': conversione da 'int' a 'float'. Possibile perdita di dati.
  (compilazione del file di origine 'src/main.cpp')
  
C:\Users\giuse\source\repos\CS2 ESP\CS2 ESP\src\include\render.h(40,50): warning C4244: 'argomento': conversione da 'int' a 'float'. Possibile perdita di dati.
  (compilazione del file di origine 'src/main.cpp')
  
C:\Users\giuse\source\repos\CS2 ESP\CS2 ESP\src\main.cpp(258,6): warning C4244: 'argomento': conversione da 'double' a 'int'. Possibile perdita di dati.
C:\Users\giuse\source\repos\CS2 ESP\CS2 ESP\src\main.cpp(256,6): warning C4244: 'argomento': conversione da 'float' a 'int'. Possibile perdita di dati.
C:\Users\giuse\source\repos\CS2 ESP\CS2 ESP\src\main.cpp(255,6): warning C4244: 'argomento': conversione da 'float' a 'int'. Possibile perdita di dati.
C:\Users\giuse\source\repos\CS2 ESP\CS2 ESP\src\main.cpp(254,16): warning C4244: 'argomento': conversione da 'float' a 'int'. Possibile perdita di dati.
C:\Users\giuse\source\repos\CS2 ESP\CS2 ESP\src\main.cpp(253,19): warning C4244: 'argomento': conversione da 'float' a 'int'. Possibile perdita di dati.
C:\Users\giuse\source\repos\CS2 ESP\CS2 ESP\src\main.cpp(272,52): warning C4244: 'argomento': conversione da 'float' a 'int'. Possibile perdita di dati.
C:\Users\giuse\source\repos\CS2 ESP\CS2 ESP\src\main.cpp(272,30): warning C4244: 'argomento': conversione da 'float' a 'int'. Possibile perdita di dati.
C:\Users\giuse\source\repos\CS2 ESP\CS2 ESP\src\main.cpp(282,7): warning C4244: 'argomento': conversione da 'double' a 'int'. Possibile perdita di dati.
C:\Users\giuse\source\repos\CS2 ESP\CS2 ESP\src\main.cpp(280,7): warning C4244: 'argomento': conversione da 'float' a 'int'. Possibile perdita di dati.
C:\Users\giuse\source\repos\CS2 ESP\CS2 ESP\src\main.cpp(279,7): warning C4244: 'argomento': conversione da 'float' a 'int'. Possibile perdita di dati.
C:\Users\giuse\source\repos\CS2 ESP\CS2 ESP\src\main.cpp(278,17): warning C4244: 'argomento': conversione da 'float' a 'int'. Possibile perdita di dati.
C:\Users\giuse\source\repos\CS2 ESP\CS2 ESP\src\main.cpp(277,20): warning C4244: 'argomento': conversione da 'float' a 'int'. Possibile perdita di dati.
C:\Users\giuse\source\repos\CS2 ESP\CS2 ESP\src\main.cpp(302,93): warning C4244: 'argomento': conversione da 'double' a 'int'. Possibile perdita di dati.
  Generazione codice in corso...
  Previous IPDB not found, fall back to full compilation.
  All 1405 functions were compiled because no usable IPDB/IOBJ from previous compilation was found.
  Generazione codice terminata
  CS2 ESP.vcxproj -> C:\Users\giuse\source\repos\CS2 ESP\x64\Release\CS2 ESP.exe
  "pwsh.exe" non è riconosciuto come comando interno o esterno,
   un programma eseguibile o un file batch.
