  imgui.cpp
  imgui_demo.cpp
  imgui_draw.cpp
  imgui_impl_dx11.cpp
  imgui_impl_win32.cpp
  imgui_tables.cpp
  imgui_widgets.cpp
  main.cpp
C:\Program Files\Microsoft Visual Studio\2022\Community\VC\Tools\MSVC\14.38.33130\include\string_view(12): warning STL4038: The contents of <string_view> are available only with C++17 or later.
C:\Users\giuse\source\repos\CS2 ESP\CS2 ESP\src\include\memory.h(175,12): warning C4244: '*=': conversione da 'double' a 'DWORD'. Possibile perdita di dati.
  (compilazione del file di origine 'src/main.cpp')
  
C:\Users\giuse\source\repos\CS2 ESP\CS2 ESP\src\include\memory.h(217,29): warning C4312: 'cast di tipo': conversione da 'ULONG' a 'DWORD *', di dimensioni maggiori
  (compilazione del file di origine 'src/main.cpp')
  
C:\Users\giuse\source\repos\CS2 ESP\CS2 ESP\src\include\memory.h(256,23): error C2039: 'string_view': non è un membro di 'std'
  (compilazione del file di origine 'src/main.cpp')
  C:\Program Files\Microsoft Visual Studio\2022\Community\VC\Tools\MSVC\14.38.33130\include\string(23,1):
  vedere la dichiarazione di 'std'
  
C:\Users\giuse\source\repos\CS2 ESP\CS2 ESP\src\include\memory.h(256,11): error C4430: identificatore di tipo mancante, verrà utilizzato int. Nota: default-int non è più supportato in C++
  (compilazione del file di origine 'src/main.cpp')
  
C:\Users\giuse\source\repos\CS2 ESP\CS2 ESP\src\include\memory.h(256,35): error C2146: errore di sintassi: ')' mancante prima dell'identificatore 'processName'
  (compilazione del file di origine 'src/main.cpp')
  
C:\Users\giuse\source\repos\CS2 ESP\CS2 ESP\src\include\memory.h(256,35): error C3646: 'processName': identificatore di override sconosciuto
  (compilazione del file di origine 'src/main.cpp')
  
C:\Users\giuse\source\repos\CS2 ESP\CS2 ESP\src\include\memory.h(256,46): error C2059: errore di sintassi: ')'
  (compilazione del file di origine 'src/main.cpp')
  
C:\Users\giuse\source\repos\CS2 ESP\CS2 ESP\src\include\memory.h(256,48): error C2143: errore di sintassi: ';' mancante prima di 'noexcept'
  (compilazione del file di origine 'src/main.cpp')
  
C:\Users\giuse\source\repos\CS2 ESP\CS2 ESP\src\include\memory.h(256,48): error C2059: errore di sintassi: 'noexcept'
  (compilazione del file di origine 'src/main.cpp')
  
C:\Users\giuse\source\repos\CS2 ESP\CS2 ESP\src\include\memory.h(257,5): error C2334: token imprevisti prima di '{'. Il corpo apparente della funzione verrà ignorato.
  (compilazione del file di origine 'src/main.cpp')
  
C:\Users\giuse\source\repos\CS2 ESP\CS2 ESP\src\include\memory.h(290,54): error C2039: 'string_view': non è un membro di 'std'
  (compilazione del file di origine 'src/main.cpp')
  C:\Program Files\Microsoft Visual Studio\2022\Community\VC\Tools\MSVC\14.38.33130\include\string(23,1):
  vedere la dichiarazione di 'std'
  
C:\Users\giuse\source\repos\CS2 ESP\CS2 ESP\src\include\memory.h(290,66): error C4430: identificatore di tipo mancante, verrà utilizzato int. Nota: default-int non è più supportato in C++
  (compilazione del file di origine 'src/main.cpp')
  
C:\Users\giuse\source\repos\CS2 ESP\CS2 ESP\src\include\memory.h(290,66): error C2146: errore di sintassi: ')' mancante prima dell'identificatore 'moduleName'
  (compilazione del file di origine 'src/main.cpp')
  
C:\Users\giuse\source\repos\CS2 ESP\CS2 ESP\src\include\memory.h(290,66): error C3646: 'moduleName': identificatore di override sconosciuto
  (compilazione del file di origine 'src/main.cpp')
  
C:\Users\giuse\source\repos\CS2 ESP\CS2 ESP\src\include\memory.h(290,76): error C2059: errore di sintassi: ')'
  (compilazione del file di origine 'src/main.cpp')
  
C:\Users\giuse\source\repos\CS2 ESP\CS2 ESP\src\include\memory.h(290,78): error C2143: errore di sintassi: ';' mancante prima di 'const'
  (compilazione del file di origine 'src/main.cpp')
  
C:\Users\giuse\source\repos\CS2 ESP\CS2 ESP\src\include\memory.h(290,84): error C4430: identificatore di tipo mancante, verrà utilizzato int. Nota: default-int non è più supportato in C++
  (compilazione del file di origine 'src/main.cpp')
  
C:\Users\giuse\source\repos\CS2 ESP\CS2 ESP\src\include\memory.h(290,84): error C2059: errore di sintassi: 'noexcept'
  (compilazione del file di origine 'src/main.cpp')
  
C:\Users\giuse\source\repos\CS2 ESP\CS2 ESP\src\include\memory.h(291,5): error C2334: token imprevisti prima di '{'. Il corpo apparente della funzione verrà ignorato.
  (compilazione del file di origine 'src/main.cpp')
  
C:\Users\giuse\source\repos\CS2 ESP\CS2 ESP\src\include\memory.h(333,9): error C2664: 'int GetWindowTextW(HWND,LPWSTR,int)': impossibile convertire l'argomento 2 da 'char [256]' a 'LPWSTR'
  (compilazione del file di origine 'src/main.cpp')
  C:\Users\giuse\source\repos\CS2 ESP\CS2 ESP\src\include\memory.h(333,32):
  I tipi indicati non sono correlati La conversione richiede reinterpret_cast, cast di tipo C o cast di tipo funzione tra parentesi
  C:\Program Files (x86)\Windows Kits\10\Include\10.0.22621.0\um\winuser.h(8950,1):
  vedere la dichiarazione di 'GetWindowTextW'
  C:\Users\giuse\source\repos\CS2 ESP\CS2 ESP\src\include\memory.h(333,9):
  durante la ricerca di corrispondenza con l'elenco di argomenti '(HWND, char [256], size_t)'
  
C:\Program Files\Microsoft Visual Studio\2022\Community\VC\Tools\MSVC\14.38.33130\include\numbers(11): warning STL4038: The contents of <numbers> are available only with C++20 or later.
C:\Users\giuse\source\repos\CS2 ESP\CS2 ESP\src\include\vector.h(60,11): warning C4244: 'inizializzazione': conversione da 'int' a 'float'. Possibile perdita di dati.
  (compilazione del file di origine 'src/main.cpp')
  
C:\Users\giuse\source\repos\CS2 ESP\CS2 ESP\src\include\vector.h(61,11): warning C4244: 'inizializzazione': conversione da 'int' a 'float'. Possibile perdita di dati.
  (compilazione del file di origine 'src/main.cpp')
  
C:\Users\giuse\source\repos\CS2 ESP\CS2 ESP\src\include\vector.h(63,32): warning C4244: '+=': conversione da 'double' a 'float'. Possibile perdita di dati.
  (compilazione del file di origine 'src/main.cpp')
  
C:\Users\giuse\source\repos\CS2 ESP\CS2 ESP\src\include\vector.h(64,33): warning C4244: '-=': conversione da 'double' a 'float'. Possibile perdita di dati.
  (compilazione del file di origine 'src/main.cpp')
  
C:\Users\giuse\source\repos\CS2 ESP\CS2 ESP\src\include\render.h(20,54): warning C4244: 'argomento': conversione da 'int' a 'float'. Possibile perdita di dati.
  (compilazione del file di origine 'src/main.cpp')
  
C:\Users\giuse\source\repos\CS2 ESP\CS2 ESP\src\include\render.h(20,51): warning C4244: 'argomento': conversione da 'int' a 'float'. Possibile perdita di dati.
  (compilazione del file di origine 'src/main.cpp')
  
C:\Users\giuse\source\repos\CS2 ESP\CS2 ESP\src\include\render.h(20,74): warning C4244: 'argomento': conversione da 'int' a 'float'. Possibile perdita di dati.
  (compilazione del file di origine 'src/main.cpp')
  
C:\Users\giuse\source\repos\CS2 ESP\CS2 ESP\src\include\render.h(20,67): warning C4244: 'argomento': conversione da 'int' a 'float'. Possibile perdita di dati.
  (compilazione del file di origine 'src/main.cpp')
  
C:\Users\giuse\source\repos\CS2 ESP\CS2 ESP\src\include\render.h(20,107): warning C4244: 'argomento': conversione da 'int' a 'float'. Possibile perdita di dati.
  (compilazione del file di origine 'src/main.cpp')
  
C:\Users\giuse\source\repos\CS2 ESP\CS2 ESP\src\include\render.h(22,60): warning C4244: 'argomento': conversione da 'int' a 'float'. Possibile perdita di dati.
  (compilazione del file di origine 'src/main.cpp')
  
C:\Users\giuse\source\repos\CS2 ESP\CS2 ESP\src\include\render.h(22,57): warning C4244: 'argomento': conversione da 'int' a 'float'. Possibile perdita di dati.
  (compilazione del file di origine 'src/main.cpp')
  
C:\Users\giuse\source\repos\CS2 ESP\CS2 ESP\src\include\render.h(22,80): warning C4244: 'argomento': conversione da 'int' a 'float'. Possibile perdita di dati.
  (compilazione del file di origine 'src/main.cpp')
  
C:\Users\giuse\source\repos\CS2 ESP\CS2 ESP\src\include\render.h(22,73): warning C4244: 'argomento': conversione da 'int' a 'float'. Possibile perdita di dati.
  (compilazione del file di origine 'src/main.cpp')
  
C:\Users\giuse\source\repos\CS2 ESP\CS2 ESP\src\include\render.h(27,96): warning C4244: 'argomento': conversione da 'int' a 'float'. Possibile perdita di dati.
  (compilazione del file di origine 'src/main.cpp')
  
C:\Users\giuse\source\repos\CS2 ESP\CS2 ESP\src\main.cpp(57,12): error C2440: 'inizializzazione': impossibile convertire da 'initializer list' a 'Memory'
  C:\Users\giuse\source\repos\CS2 ESP\CS2 ESP\src\main.cpp(57,12):
  'Memory::Memory': nessuna funzione di overload può convertire tutti i tipi di argomento
  	C:\Users\giuse\source\repos\CS2 ESP\CS2 ESP\src\include\memory.h(340,1):
  	potrebbe essere 'Memory::Memory(const Memory &)'
  		C:\Users\giuse\source\repos\CS2 ESP\CS2 ESP\src\main.cpp(57,12):
  		'Memory::Memory(const Memory &)': impossibile convertire l'argomento 1 da 'const char [8]' a 'const Memory &'
  			C:\Users\giuse\source\repos\CS2 ESP\CS2 ESP\src\main.cpp(57,14):
  			Motivo: impossibile convertire da 'const char [8]' a 'const Memory'
  	C:\Users\giuse\source\repos\CS2 ESP\CS2 ESP\src\include\memory.h(256,5):
  	o 'Memory::Memory(const int)'
  		C:\Users\giuse\source\repos\CS2 ESP\CS2 ESP\src\main.cpp(57,12):
  		'Memory::Memory(const int)': impossibile convertire l'argomento 1 da 'const char [8]' a 'const int'
  			C:\Users\giuse\source\repos\CS2 ESP\CS2 ESP\src\main.cpp(57,14):
  			Non vi sono contesti in cui sia possibile eseguire questa conversione
  	C:\Users\giuse\source\repos\CS2 ESP\CS2 ESP\src\main.cpp(57,12):
  	durante la ricerca di corrispondenza con l'elenco di argomenti '(const char [8])'
  
C:\Users\giuse\source\repos\CS2 ESP\CS2 ESP\src\main.cpp(58,19): error C2664: 'const uintptr_t Memory::GetModuleAddress(const int)': impossibile convertire l'argomento 1 da 'const char [11]' a 'const int'
  C:\Users\giuse\source\repos\CS2 ESP\CS2 ESP\src\main.cpp(58,37):
  Non vi sono contesti in cui sia possibile eseguire questa conversione
  C:\Users\giuse\source\repos\CS2 ESP\CS2 ESP\src\include\memory.h(290,26):
  vedere la dichiarazione di 'Memory::GetModuleAddress'
  C:\Users\giuse\source\repos\CS2 ESP\CS2 ESP\src\main.cpp(58,19):
  durante la ricerca di corrispondenza con l'elenco di argomenti '(const char [11])'
  
C:\Users\giuse\source\repos\CS2 ESP\CS2 ESP\src\main.cpp(256,6): warning C4244: 'argomento': conversione da 'double' a 'int'. Possibile perdita di dati.
C:\Users\giuse\source\repos\CS2 ESP\CS2 ESP\src\main.cpp(254,6): warning C4244: 'argomento': conversione da 'float' a 'int'. Possibile perdita di dati.
C:\Users\giuse\source\repos\CS2 ESP\CS2 ESP\src\main.cpp(253,6): warning C4244: 'argomento': conversione da 'float' a 'int'. Possibile perdita di dati.
C:\Users\giuse\source\repos\CS2 ESP\CS2 ESP\src\main.cpp(252,16): warning C4244: 'argomento': conversione da 'float' a 'int'. Possibile perdita di dati.
C:\Users\giuse\source\repos\CS2 ESP\CS2 ESP\src\main.cpp(251,19): warning C4244: 'argomento': conversione da 'float' a 'int'. Possibile perdita di dati.
C:\Users\giuse\source\repos\CS2 ESP\CS2 ESP\src\main.cpp(267,6): warning C4244: 'argomento': conversione da 'double' a 'int'. Possibile perdita di dati.
C:\Users\giuse\source\repos\CS2 ESP\CS2 ESP\src\main.cpp(265,13): warning C4244: 'argomento': conversione da 'float' a 'int'. Possibile perdita di dati.
C:\Users\giuse\source\repos\CS2 ESP\CS2 ESP\src\main.cpp(263,19): warning C4244: 'argomento': conversione da 'float' a 'int'. Possibile perdita di dati.
C:\Users\giuse\source\repos\CS2 ESP\CS2 ESP\src\main.cpp(262,19): warning C4244: 'argomento': conversione da 'float' a 'int'. Possibile perdita di dati.
C:\Users\giuse\source\repos\CS2 ESP\CS2 ESP\src\main.cpp(295,86): warning C4244: 'argomento': conversione da 'double' a 'int'. Possibile perdita di dati.
  offsets.cpp
C:\Users\giuse\source\repos\CS2 ESP\CS2 ESP\src\offsets.cpp(33,40): warning C4101: 'e': variabile locale senza riferimenti
  Generazione del codice in corso...
